<?xml version="1.0" encoding="UTF-8"?>
<testsuite xmlns:xsi="http://www.w3.org/2001/XMLSchema-instance" xsi:noNamespaceSchemaLocation="https://maven.apache.org/surefire/maven-surefire-plugin/xsd/surefire-test-report-3.0.xsd" version="3.0" name="com.itxingchen.UserServiceTest" time="0.133" tests="5" errors="0" skipped="0" failures="0">
  <properties>
    <property name="java.specification.version" value="17"/>
    <property name="sun.cpu.isalist" value="amd64"/>
    <property name="sun.jnu.encoding" value="GBK"/>
    <property name="java.class.path" value="D:\Users\ZhuanZ\Desktop\javawbeai\JavaWebAi1\maven-project01\target\test-classes;D:\Users\ZhuanZ\Desktop\javawbeai\JavaWebAi1\maven-project01\target\classes;D:\Users\ZhuanZ\Desktop\Maven\apache-maven-3.9.10\mvn_repo\org\springframework\spring-context\6.1.4\spring-context-6.1.4.jar;D:\Users\ZhuanZ\Desktop\Maven\apache-maven-3.9.10\mvn_repo\org\springframework\spring-aop\6.1.4\spring-aop-6.1.4.jar;D:\Users\ZhuanZ\Desktop\Maven\apache-maven-3.9.10\mvn_repo\org\springframework\spring-beans\6.1.4\spring-beans-6.1.4.jar;D:\Users\ZhuanZ\Desktop\Maven\apache-maven-3.9.10\mvn_repo\org\springframework\spring-core\6.1.4\spring-core-6.1.4.jar;D:\Users\ZhuanZ\Desktop\Maven\apache-maven-3.9.10\mvn_repo\org\springframework\spring-jcl\6.1.4\spring-jcl-6.1.4.jar;D:\Users\ZhuanZ\Desktop\Maven\apache-maven-3.9.10\mvn_repo\org\springframework\spring-expression\6.1.4\spring-expression-6.1.4.jar;D:\Users\ZhuanZ\Desktop\Maven\apache-maven-3.9.10\mvn_repo\org\junit\jupiter\junit-jupiter\5.9.1\junit-jupiter-5.9.1.jar;D:\Users\ZhuanZ\Desktop\Maven\apache-maven-3.9.10\mvn_repo\org\junit\jupiter\junit-jupiter-api\5.9.1\junit-jupiter-api-5.9.1.jar;D:\Users\ZhuanZ\Desktop\Maven\apache-maven-3.9.10\mvn_repo\org\opentest4j\opentest4j\1.2.0\opentest4j-1.2.0.jar;D:\Users\ZhuanZ\Desktop\Maven\apache-maven-3.9.10\mvn_repo\org\junit\platform\junit-platform-commons\1.9.1\junit-platform-commons-1.9.1.jar;D:\Users\ZhuanZ\Desktop\Maven\apache-maven-3.9.10\mvn_repo\org\apiguardian\apiguardian-api\1.1.2\apiguardian-api-1.1.2.jar;D:\Users\ZhuanZ\Desktop\Maven\apache-maven-3.9.10\mvn_repo\org\junit\jupiter\junit-jupiter-params\5.9.1\junit-jupiter-params-5.9.1.jar;D:\Users\ZhuanZ\Desktop\Maven\apache-maven-3.9.10\mvn_repo\org\junit\jupiter\junit-jupiter-engine\5.9.1\junit-jupiter-engine-5.9.1.jar;D:\Users\ZhuanZ\Desktop\Maven\apache-maven-3.9.10\mvn_repo\org\junit\platform\junit-platform-engine\1.9.1\junit-platform-engine-1.9.1.jar;"/>
    <property name="java.vm.vendor" value="Oracle Corporation"/>
    <property name="sun.arch.data.model" value="64"/>
    <property name="user.variant" value=""/>
    <property name="java.vendor.url" value="https://java.oracle.com/"/>
    <property name="user.timezone" value="Asia/Shanghai"/>
    <property name="os.name" value="Windows 10"/>
    <property name="java.vm.specification.version" value="17"/>
    <property name="sun.java.launcher" value="SUN_STANDARD"/>
    <property name="user.country" value="CN"/>
    <property name="sun.boot.library.path" value="D:\develop\environment\jdk\jdk-17\bin"/>
    <property name="sun.java.command" value="C:\Users\ZhuanZ\AppData\Local\Temp\surefire7892422623840540081\surefirebooter-20250705164428706_3.jar C:\Users\ZhuanZ\AppData\Local\Temp\surefire7892422623840540081 2025-07-05T16-44-28_490-jvmRun1 surefire-20250705164428706_1tmp surefire_0-20250705164428706_2tmp"/>
    <property name="jdk.debug" value="release"/>
    <property name="surefire.test.class.path" value="D:\Users\ZhuanZ\Desktop\javawbeai\JavaWebAi1\maven-project01\target\test-classes;D:\Users\ZhuanZ\Desktop\javawbeai\JavaWebAi1\maven-project01\target\classes;D:\Users\ZhuanZ\Desktop\Maven\apache-maven-3.9.10\mvn_repo\org\springframework\spring-context\6.1.4\spring-context-6.1.4.jar;D:\Users\ZhuanZ\Desktop\Maven\apache-maven-3.9.10\mvn_repo\org\springframework\spring-aop\6.1.4\spring-aop-6.1.4.jar;D:\Users\ZhuanZ\Desktop\Maven\apache-maven-3.9.10\mvn_repo\org\springframework\spring-beans\6.1.4\spring-beans-6.1.4.jar;D:\Users\ZhuanZ\Desktop\Maven\apache-maven-3.9.10\mvn_repo\org\springframework\spring-core\6.1.4\spring-core-6.1.4.jar;D:\Users\ZhuanZ\Desktop\Maven\apache-maven-3.9.10\mvn_repo\org\springframework\spring-jcl\6.1.4\spring-jcl-6.1.4.jar;D:\Users\ZhuanZ\Desktop\Maven\apache-maven-3.9.10\mvn_repo\org\springframework\spring-expression\6.1.4\spring-expression-6.1.4.jar;D:\Users\ZhuanZ\Desktop\Maven\apache-maven-3.9.10\mvn_repo\org\junit\jupiter\junit-jupiter\5.9.1\junit-jupiter-5.9.1.jar;D:\Users\ZhuanZ\Desktop\Maven\apache-maven-3.9.10\mvn_repo\org\junit\jupiter\junit-jupiter-api\5.9.1\junit-jupiter-api-5.9.1.jar;D:\Users\ZhuanZ\Desktop\Maven\apache-maven-3.9.10\mvn_repo\org\opentest4j\opentest4j\1.2.0\opentest4j-1.2.0.jar;D:\Users\ZhuanZ\Desktop\Maven\apache-maven-3.9.10\mvn_repo\org\junit\platform\junit-platform-commons\1.9.1\junit-platform-commons-1.9.1.jar;D:\Users\ZhuanZ\Desktop\Maven\apache-maven-3.9.10\mvn_repo\org\apiguardian\apiguardian-api\1.1.2\apiguardian-api-1.1.2.jar;D:\Users\ZhuanZ\Desktop\Maven\apache-maven-3.9.10\mvn_repo\org\junit\jupiter\junit-jupiter-params\5.9.1\junit-jupiter-params-5.9.1.jar;D:\Users\ZhuanZ\Desktop\Maven\apache-maven-3.9.10\mvn_repo\org\junit\jupiter\junit-jupiter-engine\5.9.1\junit-jupiter-engine-5.9.1.jar;D:\Users\ZhuanZ\Desktop\Maven\apache-maven-3.9.10\mvn_repo\org\junit\platform\junit-platform-engine\1.9.1\junit-platform-engine-1.9.1.jar;"/>
    <property name="sun.cpu.endian" value="little"/>
    <property name="user.home" value="C:\Users\ZhuanZ"/>
    <property name="user.language" value="zh"/>
    <property name="java.specification.vendor" value="Oracle Corporation"/>
    <property name="java.version.date" value="2021-10-19"/>
    <property name="java.home" value="D:\develop\environment\jdk\jdk-17"/>
    <property name="file.separator" value="\"/>
    <property name="basedir" value="D:\Users\ZhuanZ\Desktop\javawbeai\JavaWebAi1\maven-project01"/>
    <property name="java.vm.compressedOopsMode" value="Zero based"/>
    <property name="line.separator" value="&#10;"/>
    <property name="java.vm.specification.vendor" value="Oracle Corporation"/>
    <property name="java.specification.name" value="Java Platform API Specification"/>
    <property name="surefire.real.class.path" value="C:\Users\ZhuanZ\AppData\Local\Temp\surefire7892422623840540081\surefirebooter-20250705164428706_3.jar"/>
    <property name="user.script" value=""/>
    <property name="sun.management.compiler" value="HotSpot 64-Bit Tiered Compilers"/>
    <property name="java.runtime.version" value="17.0.1+12-39"/>
    <property name="user.name" value="ZhuanZ（无密码）"/>
    <property name="path.separator" value=";"/>
    <property name="os.version" value="10.0"/>
    <property name="java.runtime.name" value="OpenJDK Runtime Environment"/>
    <property name="file.encoding" value="GBK"/>
    <property name="java.vm.name" value="OpenJDK 64-Bit Server VM"/>
    <property name="localRepository" value="D:\Users\ZhuanZ\Desktop\Maven\apache-maven-3.9.10\mvn_repo"/>
    <property name="java.vendor.url.bug" value="https://bugreport.java.com/bugreport/"/>
    <property name="java.io.tmpdir" value="C:\Users\ZhuanZ\AppData\Local\Temp\"/>
    <property name="idea.version" value="2025.1.1.1"/>
    <property name="java.version" value="17.0.1"/>
    <property name="user.dir" value="D:\Users\ZhuanZ\Desktop\javawbeai\JavaWebAi1\maven-project01"/>
    <property name="os.arch" value="amd64"/>
    <property name="java.vm.specification.name" value="Java Virtual Machine Specification"/>
    <property name="sun.os.patch.level" value=""/>
    <property name="native.encoding" value="GBK"/>
    <property name="java.library.path" value="D:\develop\environment\jdk\jdk-17\bin;C:\WINDOWS\Sun\Java\bin;C:\WINDOWS\system32;C:\WINDOWS;D:\Users\ZhuanZ\Desktop\java-changqing\apache-maven-3.9.10-bin\apache-maven-3.9.10\bin;D:\develop\environment\jdk\jdk-17\bin;D:\Users\ZhuanZ\Desktop\python实训课\python-3.9.2rc1-amd64\Scripts;%J;VA_HOME%\jre\bin;C:\WINDOWS\system32;C:\Program Files\Common Files\Oracle\Java\javapath;C:\WINDOWS;C:\WINDOWS\System32\Wbem;C:\WINDOWS\System32\WindowsPowerShell\v1.0\;C:\WINDOWS\System32\OpenSSH\;C:\Program Files (x86)\Common Files\Oracle\Java\javapath;C:\WINDOWS\system32\downlevel;C:\c盘转移文件\msys64\ucrt64\bin;%MAV;N_HOME%\bin;D:\Users\ZhuanZ\Desktop\javawbe+ai\mysql-8.0.34-winx64\mysql-8.0.34-winx64\bin;F:\VS code\Microsoft VS Code\bin;D:\Users\ZhuanZ\Desktop\python实训课\python-3.9.2rc1-amd64\python.exe;C:\Program Files\Git\mingw64\bin;C:\Program Files\Git\cmd;D:\Users\ZhuanZ\Desktop\python实训课\python-3.9.2rc1-amd64\Scripts;C:\Users\ZhuanZ\AppData\Local\Microsoft\WindowsApps;D:\Users\ZhuanZ\Desktop\数据结构\PyCharm Community Edition 2024.3.5\plugins\cwm-plugin\lib;D:\Users\ZhuanZ\Desktop\JAVA\IntelliJ IDEA Community Edition 2025.1\bin;;F:\2025会计考试软件\IDEAzhengshiban\IntelliJ IDEA 2025.1.1.1\bin;;F:\datagrip-2024.1.1\DataGrip 2024.1.1\bin;;D:\Users\ZhuanZ\Desktop\python\PyCharm 2025.1.1.1\bin;;D:\Users\ZhuanZ\Desktop\python实训课\python-3.9.2rc1-amd64\python.exe;;."/>
    <property name="java.vm.info" value="mixed mode, sharing"/>
    <property name="java.vendor" value="Oracle Corporation"/>
    <property name="java.vm.version" value="17.0.1+12-39"/>
    <property name="sun.io.unicode.encoding" value="UnicodeLittle"/>
    <property name="java.class.version" value="61.0"/>
  </properties>
  <testcase name="testGetGender2(String)[1]" classname="com.itxingchen.UserServiceTest" time="0.043">
    <system-out><![CDATA[before all ...
before...
after...
]]></system-out>
  </testcase>
  <testcase name="testGetGender2(String)[2]" classname="com.itxingchen.UserServiceTest" time="0.001">
    <system-out><![CDATA[before...
after...
]]></system-out>
  </testcase>
  <testcase name="testGetGender2(String)[3]" classname="com.itxingchen.UserServiceTest" time="0.002">
    <system-out><![CDATA[before...
after...
]]></system-out>
  </testcase>
  <testcase name="testGetGender" classname="com.itxingchen.UserServiceTest" time="0.002">
    <system-out><![CDATA[before...
男
after...
]]></system-out>
  </testcase>
  <testcase name="testGetAge" classname="com.itxingchen.UserServiceTest" time="0.01">
    <system-out><![CDATA[before...
20
after...
]]></system-out>
  </testcase>
</testsuite>