<?xml version="1.0" encoding="UTF-8"?>
<testsuite xmlns:xsi="http://www.w3.org/2001/XMLSchema-instance" xsi:noNamespaceSchemaLocation="https://maven.apache.org/surefire/maven-surefire-plugin/xsd/surefire-test-report.xsd" version="3.0.2" name="com.itxingchen.SpringbootWebQuickstartApplicationTests" time="3.231" tests="1" errors="0" skipped="0" failures="0">
  <properties>
    <property name="java.specification.version" value="17"/>
    <property name="sun.cpu.isalist" value="amd64"/>
    <property name="sun.jnu.encoding" value="GBK"/>
    <property name="java.class.path" value="D:\Users\ZhuanZ\Desktop\javawbeai\JavaWebAi1\springboot-web-quickstart\target\test-classes;D:\Users\ZhuanZ\Desktop\javawbeai\JavaWebAi1\springboot-web-quickstart\target\classes;D:\Users\ZhuanZ\Desktop\Maven\apache-maven-3.9.10\mvn_repo\org\springframework\boot\spring-boot-starter-web\3.5.3\spring-boot-starter-web-3.5.3.jar;D:\Users\ZhuanZ\Desktop\Maven\apache-maven-3.9.10\mvn_repo\org\springframework\boot\spring-boot-starter\3.5.3\spring-boot-starter-3.5.3.jar;D:\Users\ZhuanZ\Desktop\Maven\apache-maven-3.9.10\mvn_repo\org\springframework\boot\spring-boot\3.5.3\spring-boot-3.5.3.jar;D:\Users\ZhuanZ\Desktop\Maven\apache-maven-3.9.10\mvn_repo\org\springframework\boot\spring-boot-autoconfigure\3.5.3\spring-boot-autoconfigure-3.5.3.jar;D:\Users\ZhuanZ\Desktop\Maven\apache-maven-3.9.10\mvn_repo\org\springframework\boot\spring-boot-starter-logging\3.5.3\spring-boot-starter-logging-3.5.3.jar;D:\Users\ZhuanZ\Desktop\Maven\apache-maven-3.9.10\mvn_repo\ch\qos\logback\logback-classic\1.5.18\logback-classic-1.5.18.jar;D:\Users\ZhuanZ\Desktop\Maven\apache-maven-3.9.10\mvn_repo\ch\qos\logback\logback-core\1.5.18\logback-core-1.5.18.jar;D:\Users\ZhuanZ\Desktop\Maven\apache-maven-3.9.10\mvn_repo\org\apache\logging\log4j\log4j-to-slf4j\2.24.3\log4j-to-slf4j-2.24.3.jar;D:\Users\ZhuanZ\Desktop\Maven\apache-maven-3.9.10\mvn_repo\org\apache\logging\log4j\log4j-api\2.24.3\log4j-api-2.24.3.jar;D:\Users\ZhuanZ\Desktop\Maven\apache-maven-3.9.10\mvn_repo\org\slf4j\jul-to-slf4j\2.0.17\jul-to-slf4j-2.0.17.jar;D:\Users\ZhuanZ\Desktop\Maven\apache-maven-3.9.10\mvn_repo\jakarta\annotation\jakarta.annotation-api\2.1.1\jakarta.annotation-api-2.1.1.jar;D:\Users\ZhuanZ\Desktop\Maven\apache-maven-3.9.10\mvn_repo\org\yaml\snakeyaml\2.4\snakeyaml-2.4.jar;D:\Users\ZhuanZ\Desktop\Maven\apache-maven-3.9.10\mvn_repo\org\springframework\boot\spring-boot-starter-json\3.5.3\spring-boot-starter-json-3.5.3.jar;D:\Users\ZhuanZ\Desktop\Maven\apache-maven-3.9.10\mvn_repo\com\fasterxml\jackson\core\jackson-databind\2.19.1\jackson-databind-2.19.1.jar;D:\Users\ZhuanZ\Desktop\Maven\apache-maven-3.9.10\mvn_repo\com\fasterxml\jackson\core\jackson-annotations\2.19.1\jackson-annotations-2.19.1.jar;D:\Users\ZhuanZ\Desktop\Maven\apache-maven-3.9.10\mvn_repo\com\fasterxml\jackson\core\jackson-core\2.19.1\jackson-core-2.19.1.jar;D:\Users\ZhuanZ\Desktop\Maven\apache-maven-3.9.10\mvn_repo\com\fasterxml\jackson\datatype\jackson-datatype-jdk8\2.19.1\jackson-datatype-jdk8-2.19.1.jar;D:\Users\ZhuanZ\Desktop\Maven\apache-maven-3.9.10\mvn_repo\com\fasterxml\jackson\datatype\jackson-datatype-jsr310\2.19.1\jackson-datatype-jsr310-2.19.1.jar;D:\Users\ZhuanZ\Desktop\Maven\apache-maven-3.9.10\mvn_repo\com\fasterxml\jackson\module\jackson-module-parameter-names\2.19.1\jackson-module-parameter-names-2.19.1.jar;D:\Users\ZhuanZ\Desktop\Maven\apache-maven-3.9.10\mvn_repo\org\springframework\boot\spring-boot-starter-tomcat\3.5.3\spring-boot-starter-tomcat-3.5.3.jar;D:\Users\ZhuanZ\Desktop\Maven\apache-maven-3.9.10\mvn_repo\org\apache\tomcat\embed\tomcat-embed-core\10.1.42\tomcat-embed-core-10.1.42.jar;D:\Users\ZhuanZ\Desktop\Maven\apache-maven-3.9.10\mvn_repo\org\apache\tomcat\embed\tomcat-embed-el\10.1.42\tomcat-embed-el-10.1.42.jar;D:\Users\ZhuanZ\Desktop\Maven\apache-maven-3.9.10\mvn_repo\org\apache\tomcat\embed\tomcat-embed-websocket\10.1.42\tomcat-embed-websocket-10.1.42.jar;D:\Users\ZhuanZ\Desktop\Maven\apache-maven-3.9.10\mvn_repo\org\springframework\spring-web\6.2.8\spring-web-6.2.8.jar;D:\Users\ZhuanZ\Desktop\Maven\apache-maven-3.9.10\mvn_repo\org\springframework\spring-beans\6.2.8\spring-beans-6.2.8.jar;D:\Users\ZhuanZ\Desktop\Maven\apache-maven-3.9.10\mvn_repo\io\micrometer\micrometer-observation\1.15.1\micrometer-observation-1.15.1.jar;D:\Users\ZhuanZ\Desktop\Maven\apache-maven-3.9.10\mvn_repo\io\micrometer\micrometer-commons\1.15.1\micrometer-commons-1.15.1.jar;D:\Users\ZhuanZ\Desktop\Maven\apache-maven-3.9.10\mvn_repo\org\springframework\spring-webmvc\6.2.8\spring-webmvc-6.2.8.jar;D:\Users\ZhuanZ\Desktop\Maven\apache-maven-3.9.10\mvn_repo\org\springframework\spring-aop\6.2.8\spring-aop-6.2.8.jar;D:\Users\ZhuanZ\Desktop\Maven\apache-maven-3.9.10\mvn_repo\org\springframework\spring-context\6.2.8\spring-context-6.2.8.jar;D:\Users\ZhuanZ\Desktop\Maven\apache-maven-3.9.10\mvn_repo\org\springframework\spring-expression\6.2.8\spring-expression-6.2.8.jar;D:\Users\ZhuanZ\Desktop\Maven\apache-maven-3.9.10\mvn_repo\org\springframework\boot\spring-boot-starter-test\3.5.3\spring-boot-starter-test-3.5.3.jar;D:\Users\ZhuanZ\Desktop\Maven\apache-maven-3.9.10\mvn_repo\org\springframework\boot\spring-boot-test\3.5.3\spring-boot-test-3.5.3.jar;D:\Users\ZhuanZ\Desktop\Maven\apache-maven-3.9.10\mvn_repo\org\springframework\boot\spring-boot-test-autoconfigure\3.5.3\spring-boot-test-autoconfigure-3.5.3.jar;D:\Users\ZhuanZ\Desktop\Maven\apache-maven-3.9.10\mvn_repo\com\jayway\jsonpath\json-path\2.9.0\json-path-2.9.0.jar;D:\Users\ZhuanZ\Desktop\Maven\apache-maven-3.9.10\mvn_repo\org\slf4j\slf4j-api\2.0.17\slf4j-api-2.0.17.jar;D:\Users\ZhuanZ\Desktop\Maven\apache-maven-3.9.10\mvn_repo\jakarta\xml\bind\jakarta.xml.bind-api\4.0.2\jakarta.xml.bind-api-4.0.2.jar;D:\Users\ZhuanZ\Desktop\Maven\apache-maven-3.9.10\mvn_repo\jakarta\activation\jakarta.activation-api\2.1.3\jakarta.activation-api-2.1.3.jar;D:\Users\ZhuanZ\Desktop\Maven\apache-maven-3.9.10\mvn_repo\net\minidev\json-smart\2.5.2\json-smart-2.5.2.jar;D:\Users\ZhuanZ\Desktop\Maven\apache-maven-3.9.10\mvn_repo\net\minidev\accessors-smart\2.5.2\accessors-smart-2.5.2.jar;D:\Users\ZhuanZ\Desktop\Maven\apache-maven-3.9.10\mvn_repo\org\ow2\asm\asm\9.7.1\asm-9.7.1.jar;D:\Users\ZhuanZ\Desktop\Maven\apache-maven-3.9.10\mvn_repo\org\assertj\assertj-core\3.27.3\assertj-core-3.27.3.jar;D:\Users\ZhuanZ\Desktop\Maven\apache-maven-3.9.10\mvn_repo\net\bytebuddy\byte-buddy\1.17.6\byte-buddy-1.17.6.jar;D:\Users\ZhuanZ\Desktop\Maven\apache-maven-3.9.10\mvn_repo\org\awaitility\awaitility\4.2.2\awaitility-4.2.2.jar;D:\Users\ZhuanZ\Desktop\Maven\apache-maven-3.9.10\mvn_repo\org\hamcrest\hamcrest\3.0\hamcrest-3.0.jar;D:\Users\ZhuanZ\Desktop\Maven\apache-maven-3.9.10\mvn_repo\org\junit\jupiter\junit-jupiter\5.12.2\junit-jupiter-5.12.2.jar;D:\Users\ZhuanZ\Desktop\Maven\apache-maven-3.9.10\mvn_repo\org\junit\jupiter\junit-jupiter-api\5.12.2\junit-jupiter-api-5.12.2.jar;D:\Users\ZhuanZ\Desktop\Maven\apache-maven-3.9.10\mvn_repo\org\opentest4j\opentest4j\1.3.0\opentest4j-1.3.0.jar;D:\Users\ZhuanZ\Desktop\Maven\apache-maven-3.9.10\mvn_repo\org\junit\platform\junit-platform-commons\1.12.2\junit-platform-commons-1.12.2.jar;D:\Users\ZhuanZ\Desktop\Maven\apache-maven-3.9.10\mvn_repo\org\apiguardian\apiguardian-api\1.1.2\apiguardian-api-1.1.2.jar;D:\Users\ZhuanZ\Desktop\Maven\apache-maven-3.9.10\mvn_repo\org\junit\jupiter\junit-jupiter-params\5.12.2\junit-jupiter-params-5.12.2.jar;D:\Users\ZhuanZ\Desktop\Maven\apache-maven-3.9.10\mvn_repo\org\junit\jupiter\junit-jupiter-engine\5.12.2\junit-jupiter-engine-5.12.2.jar;D:\Users\ZhuanZ\Desktop\Maven\apache-maven-3.9.10\mvn_repo\org\junit\platform\junit-platform-engine\1.12.2\junit-platform-engine-1.12.2.jar;D:\Users\ZhuanZ\Desktop\Maven\apache-maven-3.9.10\mvn_repo\org\mockito\mockito-core\5.17.0\mockito-core-5.17.0.jar;D:\Users\ZhuanZ\Desktop\Maven\apache-maven-3.9.10\mvn_repo\net\bytebuddy\byte-buddy-agent\1.17.6\byte-buddy-agent-1.17.6.jar;D:\Users\ZhuanZ\Desktop\Maven\apache-maven-3.9.10\mvn_repo\org\objenesis\objenesis\3.3\objenesis-3.3.jar;D:\Users\ZhuanZ\Desktop\Maven\apache-maven-3.9.10\mvn_repo\org\mockito\mockito-junit-jupiter\5.17.0\mockito-junit-jupiter-5.17.0.jar;D:\Users\ZhuanZ\Desktop\Maven\apache-maven-3.9.10\mvn_repo\org\skyscreamer\jsonassert\1.5.3\jsonassert-1.5.3.jar;D:\Users\ZhuanZ\Desktop\Maven\apache-maven-3.9.10\mvn_repo\com\vaadin\external\google\android-json\0.0.20131108.vaadin1\android-json-0.0.20131108.vaadin1.jar;D:\Users\ZhuanZ\Desktop\Maven\apache-maven-3.9.10\mvn_repo\org\springframework\spring-core\6.2.8\spring-core-6.2.8.jar;D:\Users\ZhuanZ\Desktop\Maven\apache-maven-3.9.10\mvn_repo\org\springframework\spring-jcl\6.2.8\spring-jcl-6.2.8.jar;D:\Users\ZhuanZ\Desktop\Maven\apache-maven-3.9.10\mvn_repo\org\springframework\spring-test\6.2.8\spring-test-6.2.8.jar;D:\Users\ZhuanZ\Desktop\Maven\apache-maven-3.9.10\mvn_repo\org\xmlunit\xmlunit-core\2.10.2\xmlunit-core-2.10.2.jar;"/>
    <property name="java.vm.vendor" value="Oracle Corporation"/>
    <property name="sun.arch.data.model" value="64"/>
    <property name="user.variant" value=""/>
    <property name="java.vendor.url" value="https://java.oracle.com/"/>
    <property name="user.timezone" value="Asia/Shanghai"/>
    <property name="os.name" value="Windows 10"/>
    <property name="java.vm.specification.version" value="17"/>
    <property name="APPLICATION_NAME" value="springboot-web-quickstart"/>
    <property name="sun.java.launcher" value="SUN_STANDARD"/>
    <property name="user.country" value="CN"/>
    <property name="sun.boot.library.path" value="D:\develop\environment\jdk\jdk-17\bin"/>
    <property name="sun.java.command" value="C:\Users\ZhuanZ\AppData\Local\Temp\surefire17631178385098550389\surefirebooter-20250705205016899_3.jar C:\Users\ZhuanZ\AppData\Local\Temp\surefire17631178385098550389 2025-07-05T20-50-16_680-jvmRun1 surefire-20250705205016899_1tmp surefire_0-20250705205016899_2tmp"/>
    <property name="jdk.debug" value="release"/>
    <property name="surefire.test.class.path" value="D:\Users\ZhuanZ\Desktop\javawbeai\JavaWebAi1\springboot-web-quickstart\target\test-classes;D:\Users\ZhuanZ\Desktop\javawbeai\JavaWebAi1\springboot-web-quickstart\target\classes;D:\Users\ZhuanZ\Desktop\Maven\apache-maven-3.9.10\mvn_repo\org\springframework\boot\spring-boot-starter-web\3.5.3\spring-boot-starter-web-3.5.3.jar;D:\Users\ZhuanZ\Desktop\Maven\apache-maven-3.9.10\mvn_repo\org\springframework\boot\spring-boot-starter\3.5.3\spring-boot-starter-3.5.3.jar;D:\Users\ZhuanZ\Desktop\Maven\apache-maven-3.9.10\mvn_repo\org\springframework\boot\spring-boot\3.5.3\spring-boot-3.5.3.jar;D:\Users\ZhuanZ\Desktop\Maven\apache-maven-3.9.10\mvn_repo\org\springframework\boot\spring-boot-autoconfigure\3.5.3\spring-boot-autoconfigure-3.5.3.jar;D:\Users\ZhuanZ\Desktop\Maven\apache-maven-3.9.10\mvn_repo\org\springframework\boot\spring-boot-starter-logging\3.5.3\spring-boot-starter-logging-3.5.3.jar;D:\Users\ZhuanZ\Desktop\Maven\apache-maven-3.9.10\mvn_repo\ch\qos\logback\logback-classic\1.5.18\logback-classic-1.5.18.jar;D:\Users\ZhuanZ\Desktop\Maven\apache-maven-3.9.10\mvn_repo\ch\qos\logback\logback-core\1.5.18\logback-core-1.5.18.jar;D:\Users\ZhuanZ\Desktop\Maven\apache-maven-3.9.10\mvn_repo\org\apache\logging\log4j\log4j-to-slf4j\2.24.3\log4j-to-slf4j-2.24.3.jar;D:\Users\ZhuanZ\Desktop\Maven\apache-maven-3.9.10\mvn_repo\org\apache\logging\log4j\log4j-api\2.24.3\log4j-api-2.24.3.jar;D:\Users\ZhuanZ\Desktop\Maven\apache-maven-3.9.10\mvn_repo\org\slf4j\jul-to-slf4j\2.0.17\jul-to-slf4j-2.0.17.jar;D:\Users\ZhuanZ\Desktop\Maven\apache-maven-3.9.10\mvn_repo\jakarta\annotation\jakarta.annotation-api\2.1.1\jakarta.annotation-api-2.1.1.jar;D:\Users\ZhuanZ\Desktop\Maven\apache-maven-3.9.10\mvn_repo\org\yaml\snakeyaml\2.4\snakeyaml-2.4.jar;D:\Users\ZhuanZ\Desktop\Maven\apache-maven-3.9.10\mvn_repo\org\springframework\boot\spring-boot-starter-json\3.5.3\spring-boot-starter-json-3.5.3.jar;D:\Users\ZhuanZ\Desktop\Maven\apache-maven-3.9.10\mvn_repo\com\fasterxml\jackson\core\jackson-databind\2.19.1\jackson-databind-2.19.1.jar;D:\Users\ZhuanZ\Desktop\Maven\apache-maven-3.9.10\mvn_repo\com\fasterxml\jackson\core\jackson-annotations\2.19.1\jackson-annotations-2.19.1.jar;D:\Users\ZhuanZ\Desktop\Maven\apache-maven-3.9.10\mvn_repo\com\fasterxml\jackson\core\jackson-core\2.19.1\jackson-core-2.19.1.jar;D:\Users\ZhuanZ\Desktop\Maven\apache-maven-3.9.10\mvn_repo\com\fasterxml\jackson\datatype\jackson-datatype-jdk8\2.19.1\jackson-datatype-jdk8-2.19.1.jar;D:\Users\ZhuanZ\Desktop\Maven\apache-maven-3.9.10\mvn_repo\com\fasterxml\jackson\datatype\jackson-datatype-jsr310\2.19.1\jackson-datatype-jsr310-2.19.1.jar;D:\Users\ZhuanZ\Desktop\Maven\apache-maven-3.9.10\mvn_repo\com\fasterxml\jackson\module\jackson-module-parameter-names\2.19.1\jackson-module-parameter-names-2.19.1.jar;D:\Users\ZhuanZ\Desktop\Maven\apache-maven-3.9.10\mvn_repo\org\springframework\boot\spring-boot-starter-tomcat\3.5.3\spring-boot-starter-tomcat-3.5.3.jar;D:\Users\ZhuanZ\Desktop\Maven\apache-maven-3.9.10\mvn_repo\org\apache\tomcat\embed\tomcat-embed-core\10.1.42\tomcat-embed-core-10.1.42.jar;D:\Users\ZhuanZ\Desktop\Maven\apache-maven-3.9.10\mvn_repo\org\apache\tomcat\embed\tomcat-embed-el\10.1.42\tomcat-embed-el-10.1.42.jar;D:\Users\ZhuanZ\Desktop\Maven\apache-maven-3.9.10\mvn_repo\org\apache\tomcat\embed\tomcat-embed-websocket\10.1.42\tomcat-embed-websocket-10.1.42.jar;D:\Users\ZhuanZ\Desktop\Maven\apache-maven-3.9.10\mvn_repo\org\springframework\spring-web\6.2.8\spring-web-6.2.8.jar;D:\Users\ZhuanZ\Desktop\Maven\apache-maven-3.9.10\mvn_repo\org\springframework\spring-beans\6.2.8\spring-beans-6.2.8.jar;D:\Users\ZhuanZ\Desktop\Maven\apache-maven-3.9.10\mvn_repo\io\micrometer\micrometer-observation\1.15.1\micrometer-observation-1.15.1.jar;D:\Users\ZhuanZ\Desktop\Maven\apache-maven-3.9.10\mvn_repo\io\micrometer\micrometer-commons\1.15.1\micrometer-commons-1.15.1.jar;D:\Users\ZhuanZ\Desktop\Maven\apache-maven-3.9.10\mvn_repo\org\springframework\spring-webmvc\6.2.8\spring-webmvc-6.2.8.jar;D:\Users\ZhuanZ\Desktop\Maven\apache-maven-3.9.10\mvn_repo\org\springframework\spring-aop\6.2.8\spring-aop-6.2.8.jar;D:\Users\ZhuanZ\Desktop\Maven\apache-maven-3.9.10\mvn_repo\org\springframework\spring-context\6.2.8\spring-context-6.2.8.jar;D:\Users\ZhuanZ\Desktop\Maven\apache-maven-3.9.10\mvn_repo\org\springframework\spring-expression\6.2.8\spring-expression-6.2.8.jar;D:\Users\ZhuanZ\Desktop\Maven\apache-maven-3.9.10\mvn_repo\org\springframework\boot\spring-boot-starter-test\3.5.3\spring-boot-starter-test-3.5.3.jar;D:\Users\ZhuanZ\Desktop\Maven\apache-maven-3.9.10\mvn_repo\org\springframework\boot\spring-boot-test\3.5.3\spring-boot-test-3.5.3.jar;D:\Users\ZhuanZ\Desktop\Maven\apache-maven-3.9.10\mvn_repo\org\springframework\boot\spring-boot-test-autoconfigure\3.5.3\spring-boot-test-autoconfigure-3.5.3.jar;D:\Users\ZhuanZ\Desktop\Maven\apache-maven-3.9.10\mvn_repo\com\jayway\jsonpath\json-path\2.9.0\json-path-2.9.0.jar;D:\Users\ZhuanZ\Desktop\Maven\apache-maven-3.9.10\mvn_repo\org\slf4j\slf4j-api\2.0.17\slf4j-api-2.0.17.jar;D:\Users\ZhuanZ\Desktop\Maven\apache-maven-3.9.10\mvn_repo\jakarta\xml\bind\jakarta.xml.bind-api\4.0.2\jakarta.xml.bind-api-4.0.2.jar;D:\Users\ZhuanZ\Desktop\Maven\apache-maven-3.9.10\mvn_repo\jakarta\activation\jakarta.activation-api\2.1.3\jakarta.activation-api-2.1.3.jar;D:\Users\ZhuanZ\Desktop\Maven\apache-maven-3.9.10\mvn_repo\net\minidev\json-smart\2.5.2\json-smart-2.5.2.jar;D:\Users\ZhuanZ\Desktop\Maven\apache-maven-3.9.10\mvn_repo\net\minidev\accessors-smart\2.5.2\accessors-smart-2.5.2.jar;D:\Users\ZhuanZ\Desktop\Maven\apache-maven-3.9.10\mvn_repo\org\ow2\asm\asm\9.7.1\asm-9.7.1.jar;D:\Users\ZhuanZ\Desktop\Maven\apache-maven-3.9.10\mvn_repo\org\assertj\assertj-core\3.27.3\assertj-core-3.27.3.jar;D:\Users\ZhuanZ\Desktop\Maven\apache-maven-3.9.10\mvn_repo\net\bytebuddy\byte-buddy\1.17.6\byte-buddy-1.17.6.jar;D:\Users\ZhuanZ\Desktop\Maven\apache-maven-3.9.10\mvn_repo\org\awaitility\awaitility\4.2.2\awaitility-4.2.2.jar;D:\Users\ZhuanZ\Desktop\Maven\apache-maven-3.9.10\mvn_repo\org\hamcrest\hamcrest\3.0\hamcrest-3.0.jar;D:\Users\ZhuanZ\Desktop\Maven\apache-maven-3.9.10\mvn_repo\org\junit\jupiter\junit-jupiter\5.12.2\junit-jupiter-5.12.2.jar;D:\Users\ZhuanZ\Desktop\Maven\apache-maven-3.9.10\mvn_repo\org\junit\jupiter\junit-jupiter-api\5.12.2\junit-jupiter-api-5.12.2.jar;D:\Users\ZhuanZ\Desktop\Maven\apache-maven-3.9.10\mvn_repo\org\opentest4j\opentest4j\1.3.0\opentest4j-1.3.0.jar;D:\Users\ZhuanZ\Desktop\Maven\apache-maven-3.9.10\mvn_repo\org\junit\platform\junit-platform-commons\1.12.2\junit-platform-commons-1.12.2.jar;D:\Users\ZhuanZ\Desktop\Maven\apache-maven-3.9.10\mvn_repo\org\apiguardian\apiguardian-api\1.1.2\apiguardian-api-1.1.2.jar;D:\Users\ZhuanZ\Desktop\Maven\apache-maven-3.9.10\mvn_repo\org\junit\jupiter\junit-jupiter-params\5.12.2\junit-jupiter-params-5.12.2.jar;D:\Users\ZhuanZ\Desktop\Maven\apache-maven-3.9.10\mvn_repo\org\junit\jupiter\junit-jupiter-engine\5.12.2\junit-jupiter-engine-5.12.2.jar;D:\Users\ZhuanZ\Desktop\Maven\apache-maven-3.9.10\mvn_repo\org\junit\platform\junit-platform-engine\1.12.2\junit-platform-engine-1.12.2.jar;D:\Users\ZhuanZ\Desktop\Maven\apache-maven-3.9.10\mvn_repo\org\mockito\mockito-core\5.17.0\mockito-core-5.17.0.jar;D:\Users\ZhuanZ\Desktop\Maven\apache-maven-3.9.10\mvn_repo\net\bytebuddy\byte-buddy-agent\1.17.6\byte-buddy-agent-1.17.6.jar;D:\Users\ZhuanZ\Desktop\Maven\apache-maven-3.9.10\mvn_repo\org\objenesis\objenesis\3.3\objenesis-3.3.jar;D:\Users\ZhuanZ\Desktop\Maven\apache-maven-3.9.10\mvn_repo\org\mockito\mockito-junit-jupiter\5.17.0\mockito-junit-jupiter-5.17.0.jar;D:\Users\ZhuanZ\Desktop\Maven\apache-maven-3.9.10\mvn_repo\org\skyscreamer\jsonassert\1.5.3\jsonassert-1.5.3.jar;D:\Users\ZhuanZ\Desktop\Maven\apache-maven-3.9.10\mvn_repo\com\vaadin\external\google\android-json\0.0.20131108.vaadin1\android-json-0.0.20131108.vaadin1.jar;D:\Users\ZhuanZ\Desktop\Maven\apache-maven-3.9.10\mvn_repo\org\springframework\spring-core\6.2.8\spring-core-6.2.8.jar;D:\Users\ZhuanZ\Desktop\Maven\apache-maven-3.9.10\mvn_repo\org\springframework\spring-jcl\6.2.8\spring-jcl-6.2.8.jar;D:\Users\ZhuanZ\Desktop\Maven\apache-maven-3.9.10\mvn_repo\org\springframework\spring-test\6.2.8\spring-test-6.2.8.jar;D:\Users\ZhuanZ\Desktop\Maven\apache-maven-3.9.10\mvn_repo\org\xmlunit\xmlunit-core\2.10.2\xmlunit-core-2.10.2.jar;"/>
    <property name="sun.cpu.endian" value="little"/>
    <property name="user.home" value="C:\Users\ZhuanZ"/>
    <property name="user.language" value="zh"/>
    <property name="java.specification.vendor" value="Oracle Corporation"/>
    <property name="java.version.date" value="2021-10-19"/>
    <property name="java.home" value="D:\develop\environment\jdk\jdk-17"/>
    <property name="file.separator" value="\"/>
    <property name="basedir" value="D:\Users\ZhuanZ\Desktop\javawbeai\JavaWebAi1\springboot-web-quickstart"/>
    <property name="java.vm.compressedOopsMode" value="Zero based"/>
    <property name="line.separator" value="&#10;"/>
    <property name="java.vm.specification.vendor" value="Oracle Corporation"/>
    <property name="java.specification.name" value="Java Platform API Specification"/>
    <property name="FILE_LOG_CHARSET" value="GBK"/>
    <property name="java.awt.headless" value="true"/>
    <property name="surefire.real.class.path" value="C:\Users\ZhuanZ\AppData\Local\Temp\surefire17631178385098550389\surefirebooter-20250705205016899_3.jar"/>
    <property name="user.script" value=""/>
    <property name="sun.management.compiler" value="HotSpot 64-Bit Tiered Compilers"/>
    <property name="java.runtime.version" value="17.0.1+12-39"/>
    <property name="user.name" value="ZhuanZ（无密码）"/>
    <property name="path.separator" value=";"/>
    <property name="os.version" value="10.0"/>
    <property name="java.runtime.name" value="OpenJDK Runtime Environment"/>
    <property name="file.encoding" value="GBK"/>
    <property name="java.vm.name" value="OpenJDK 64-Bit Server VM"/>
    <property name="localRepository" value="D:\Users\ZhuanZ\Desktop\Maven\apache-maven-3.9.10\mvn_repo"/>
    <property name="java.vendor.url.bug" value="https://bugreport.java.com/bugreport/"/>
    <property name="java.io.tmpdir" value="C:\Users\ZhuanZ\AppData\Local\Temp\"/>
    <property name="idea.version" value="2025.1.1.1"/>
    <property name="java.version" value="17.0.1"/>
    <property name="user.dir" value="D:\Users\ZhuanZ\Desktop\javawbeai\JavaWebAi1\springboot-web-quickstart"/>
    <property name="os.arch" value="amd64"/>
    <property name="java.vm.specification.name" value="Java Virtual Machine Specification"/>
    <property name="PID" value="9344"/>
    <property name="sun.os.patch.level" value=""/>
    <property name="CONSOLE_LOG_CHARSET" value="GBK"/>
    <property name="native.encoding" value="GBK"/>
    <property name="java.library.path" value="D:\develop\environment\jdk\jdk-17\bin;C:\WINDOWS\Sun\Java\bin;C:\WINDOWS\system32;C:\WINDOWS;D:\Users\ZhuanZ\Desktop\javachangqing\apache-maven-3.9.10-bin\apache-maven-3.9.10\bin;D:\develop\environment\jdk\jdk-17\bin;D:\Users\ZhuanZ\Desktop\Maven\apache-maven-3.9.10\bin;D:\Users\ZhuanZ\Desktop\python实训课\python-3.9.2rc1-amd64\Scripts;%J;VA_HOME%\jre\bin;C:\WINDOWS\system32;C:\Program Files\Common Files\Oracle\Java\javapath;C:\WINDOWS;C:\WINDOWS\System32\Wbem;C:\WINDOWS\System32\WindowsPowerShell\v1.0\;C:\WINDOWS\System32\OpenSSH\;C:\Program Files (x86)\Common Files\Oracle\Java\javapath;C:\WINDOWS\system32\downlevel;C:\c盘转移文件\msys64\ucrt64\bin;%MAV;N_HOME%\bin;D:\Users\ZhuanZ\Desktop\javawbe+ai\mysql-8.0.34-winx64\mysql-8.0.34-winx64\bin;F:\VS code\Microsoft VS Code\bin;D:\Users\ZhuanZ\Desktop\python实训课\python-3.9.2rc1-amd64\python.exe;C:\Program Files\Git\mingw64\bin;C:\Program Files\Git\cmd;D:\Users\ZhuanZ\Desktop\Maven\apache-maven-3.9.10\bin;D:\Users\ZhuanZ\Desktop\python实训课\python-3.9.2rc1-amd64\Scripts;C:\Users\ZhuanZ\AppData\Local\Microsoft\WindowsApps;D:\Users\ZhuanZ\Desktop\数据结构\PyCharm Community Edition 2024.3.5\plugins\cwm-plugin\lib;D:\Users\ZhuanZ\Desktop\JAVA\IntelliJ IDEA Community Edition 2025.1\bin;;F:\2025会计考试软件\IDEAzhengshiban\IntelliJ IDEA 2025.1.1.1\bin;;F:\datagrip-2024.1.1\DataGrip 2024.1.1\bin;;D:\Users\ZhuanZ\Desktop\python\PyCharm 2025.1.1.1\bin;;D:\Users\ZhuanZ\Desktop\python实训课\python-3.9.2rc1-amd64\python.exe;;."/>
    <property name="java.vm.info" value="mixed mode, sharing"/>
    <property name="java.vendor" value="Oracle Corporation"/>
    <property name="java.vm.version" value="17.0.1+12-39"/>
    <property name="sun.io.unicode.encoding" value="UnicodeLittle"/>
    <property name="java.class.version" value="61.0"/>
    <property name="LOGGED_APPLICATION_NAME" value="[springboot-web-quickstart] "/>
  </properties>
  <testcase name="contextLoads" classname="com.itxingchen.SpringbootWebQuickstartApplicationTests" time="0.925">
    <system-out><![CDATA[20:50:18.212 [main] INFO org.springframework.test.context.support.AnnotationConfigContextLoaderUtils -- Could not detect default configuration classes for test class [com.itxingchen.SpringbootWebQuickstartApplicationTests]: SpringbootWebQuickstartApplicationTests does not declare any static, non-private, non-final, nested classes annotated with @Configuration.
20:50:18.353 [main] INFO org.springframework.boot.test.context.SpringBootTestContextBootstrapper -- Found @SpringBootConfiguration com.itxingchen.SpringbootWebQuickstartApplication for test class com.itxingchen.SpringbootWebQuickstartApplicationTests

  .   ____          _            __ _ _
 /\\ / ___'_ __ _ _(_)_ __  __ _ \ \ \ \
( ( )\___ | '_ | '_| | '_ \/ _` | \ \ \ \
 \\/  ___)| |_)| | | | | || (_| |  ) ) ) )
  '  |____| .__|_| |_|_| |_\__, | / / / /
 =========|_|==============|___/=/_/_/_/

 :: Spring Boot ::                (v3.5.3)

2025-07-05T20:50:18.951+08:00  INFO 9344 --- [springboot-web-quickstart] [           main] .SpringbootWebQuickstartApplicationTests : Starting SpringbootWebQuickstartApplicationTests using Java 17.0.1 with PID 9344 (started by ZhuanZ（无密码） in D:\Users\ZhuanZ\Desktop\javawbeai\JavaWebAi1\springboot-web-quickstart)
2025-07-05T20:50:18.956+08:00  INFO 9344 --- [springboot-web-quickstart] [           main] .SpringbootWebQuickstartApplicationTests : No active profile set, falling back to 1 default profile: "default"
2025-07-05T20:50:20.339+08:00  INFO 9344 --- [springboot-web-quickstart] [           main] .SpringbootWebQuickstartApplicationTests : Started SpringbootWebQuickstartApplicationTests in 1.791 seconds (process running for 2.859)
]]></system-out>
  </testcase>
</testsuite>